{"/Users/fabiogaspar/Documents/Mindera/Outros/Compass/MoviesApp/src/components/details/index.tsx": {"path":"/Users/fabiogaspar/Documents/Mindera/Outros/Compass/MoviesApp/src/components/details/index.tsx","statementMap":{"0":{"start":{"line":13,"column":33},"end":{"line":52,"column":1}},"1":{"start":{"line":14,"column":2},"end":{"line":51,"column":9}}},"fnMap":{"0":{"name":"(anonymous_0)","decl":{"start":{"line":13,"column":33},"end":{"line":13,"column":34}},"loc":{"start":{"line":14,"column":2},"end":{"line":51,"column":9}},"line":14}},"branchMap":{"0":{"loc":{"start":{"line":23,"column":9},"end":{"line":33,"column":9}},"type":"binary-expr","locations":[{"start":{"line":23,"column":9},"end":{"line":23,"column":35}},{"start":{"line":24,"column":10},"end":{"line":32,"column":17}}],"line":23},"1":{"loc":{"start":{"line":38,"column":7},"end":{"line":40,"column":7}},"type":"binary-expr","locations":[{"start":{"line":38,"column":7},"end":{"line":38,"column":41}},{"start":{"line":39,"column":8},"end":{"line":39,"column":77}}],"line":38},"2":{"loc":{"start":{"line":41,"column":7},"end":{"line":43,"column":7}},"type":"binary-expr","locations":[{"start":{"line":41,"column":7},"end":{"line":41,"column":29}},{"start":{"line":42,"column":8},"end":{"line":42,"column":69}}],"line":41},"3":{"loc":{"start":{"line":44,"column":7},"end":{"line":46,"column":7}},"type":"binary-expr","locations":[{"start":{"line":44,"column":7},"end":{"line":44,"column":36}},{"start":{"line":45,"column":8},"end":{"line":45,"column":76}}],"line":44},"4":{"loc":{"start":{"line":47,"column":7},"end":{"line":49,"column":7}},"type":"binary-expr","locations":[{"start":{"line":47,"column":7},"end":{"line":47,"column":28}},{"start":{"line":48,"column":8},"end":{"line":48,"column":77}}],"line":47}},"s":{"0":2,"1":10},"f":{"0":10},"b":{"0":[10,8],"1":[10,8],"2":[10,8],"3":[10,8],"4":[10,8]},"_coverageSchema":"1a1c01bbd47fc00a2c39e90264f33305004495a9","hash":"b468762a818751a566b4883adb3e479262da692e"}
,"/Users/fabiogaspar/Documents/Mindera/Outros/Compass/MoviesApp/src/components/details/styles.ts": {"path":"/Users/fabiogaspar/Documents/Mindera/Outros/Compass/MoviesApp/src/components/details/styles.ts","statementMap":{},"fnMap":{},"branchMap":{},"s":{},"f":{},"b":{},"_coverageSchema":"1a1c01bbd47fc00a2c39e90264f33305004495a9","hash":"8cf836f04305c4b2b4da6940779e5776d9b30388"}
,"/Users/fabiogaspar/Documents/Mindera/Outros/Compass/MoviesApp/src/components/detailsInfo/index.tsx": {"path":"/Users/fabiogaspar/Documents/Mindera/Outros/Compass/MoviesApp/src/components/detailsInfo/index.tsx","statementMap":{"0":{"start":{"line":12,"column":37},"end":{"line":17,"column":1}},"1":{"start":{"line":13,"column":2},"end":{"line":16,"column":9}}},"fnMap":{"0":{"name":"(anonymous_0)","decl":{"start":{"line":12,"column":37},"end":{"line":12,"column":38}},"loc":{"start":{"line":13,"column":2},"end":{"line":16,"column":9}},"line":13}},"branchMap":{},"s":{"0":3,"1":44},"f":{"0":44},"b":{},"_coverageSchema":"1a1c01bbd47fc00a2c39e90264f33305004495a9","hash":"1ba0c4c5e1aaf050251b71e86c06a0bb5e199962"}
,"/Users/fabiogaspar/Documents/Mindera/Outros/Compass/MoviesApp/src/components/detailsInfo/styles.ts": {"path":"/Users/fabiogaspar/Documents/Mindera/Outros/Compass/MoviesApp/src/components/detailsInfo/styles.ts","statementMap":{},"fnMap":{},"branchMap":{},"s":{},"f":{},"b":{},"_coverageSchema":"1a1c01bbd47fc00a2c39e90264f33305004495a9","hash":"94c6f73a89726b3702aa05a81220a7d24e987b95"}
,"/Users/fabiogaspar/Documents/Mindera/Outros/Compass/MoviesApp/src/components/searchBar/index.tsx": {"path":"/Users/fabiogaspar/Documents/Mindera/Outros/Compass/MoviesApp/src/components/searchBar/index.tsx","statementMap":{"0":{"start":{"line":12,"column":35},"end":{"line":30,"column":1}},"1":{"start":{"line":13,"column":2},"end":{"line":29,"column":9}}},"fnMap":{"0":{"name":"(anonymous_0)","decl":{"start":{"line":12,"column":35},"end":{"line":12,"column":36}},"loc":{"start":{"line":13,"column":2},"end":{"line":29,"column":9}},"line":13}},"branchMap":{},"s":{"0":2,"1":9},"f":{"0":9},"b":{},"_coverageSchema":"1a1c01bbd47fc00a2c39e90264f33305004495a9","hash":"c60009a9647fe7ba7350252b1a75b1bce2e3b456"}
,"/Users/fabiogaspar/Documents/Mindera/Outros/Compass/MoviesApp/src/components/searchBar/styles.ts": {"path":"/Users/fabiogaspar/Documents/Mindera/Outros/Compass/MoviesApp/src/components/searchBar/styles.ts","statementMap":{},"fnMap":{},"branchMap":{},"s":{},"f":{},"b":{},"_coverageSchema":"1a1c01bbd47fc00a2c39e90264f33305004495a9","hash":"ec4daa0516c74d2bcff9bad323668412ac7bd57e"}
,"/Users/fabiogaspar/Documents/Mindera/Outros/Compass/MoviesApp/src/components/searchList/index.tsx": {"path":"/Users/fabiogaspar/Documents/Mindera/Outros/Compass/MoviesApp/src/components/searchList/index.tsx","statementMap":{"0":{"start":{"line":16,"column":36},"end":{"line":35,"column":1}},"1":{"start":{"line":17,"column":2},"end":{"line":34,"column":4}},"2":{"start":{"line":20,"column":6},"end":{"line":24,"column":13}},"3":{"start":{"line":26,"column":34},"end":{"line":26,"column":71}},"4":{"start":{"line":28,"column":6},"end":{"line":32,"column":8}}},"fnMap":{"0":{"name":"(anonymous_0)","decl":{"start":{"line":16,"column":36},"end":{"line":16,"column":37}},"loc":{"start":{"line":17,"column":2},"end":{"line":34,"column":4}},"line":17},"1":{"name":"(anonymous_1)","decl":{"start":{"line":19,"column":24},"end":{"line":19,"column":25}},"loc":{"start":{"line":20,"column":6},"end":{"line":24,"column":13}},"line":20},"2":{"name":"(anonymous_2)","decl":{"start":{"line":26,"column":28},"end":{"line":26,"column":29}},"loc":{"start":{"line":26,"column":34},"end":{"line":26,"column":71}},"line":26},"3":{"name":"(anonymous_3)","decl":{"start":{"line":27,"column":16},"end":{"line":27,"column":17}},"loc":{"start":{"line":28,"column":6},"end":{"line":32,"column":8}},"line":28}},"branchMap":{"0":{"loc":{"start":{"line":22,"column":11},"end":{"line":22,"column":68}},"type":"cond-expr","locations":[{"start":{"line":22,"column":22},"end":{"line":22,"column":42}},{"start":{"line":22,"column":45},"end":{"line":22,"column":68}}],"line":22}},"s":{"0":2,"1":12,"2":4,"3":80,"4":80},"f":{"0":12,"1":4,"2":80,"3":80},"b":{"0":[1,3]},"_coverageSchema":"1a1c01bbd47fc00a2c39e90264f33305004495a9","hash":"e5705ed979e9a3225a5b6c24a33b8c25dfd64b11"}
,"/Users/fabiogaspar/Documents/Mindera/Outros/Compass/MoviesApp/src/components/searchList/styles.ts": {"path":"/Users/fabiogaspar/Documents/Mindera/Outros/Compass/MoviesApp/src/components/searchList/styles.ts","statementMap":{},"fnMap":{},"branchMap":{},"s":{},"f":{},"b":{},"_coverageSchema":"1a1c01bbd47fc00a2c39e90264f33305004495a9","hash":"1d9eafefece427af5e7f75788e1b8b81eb61e4be"}
,"/Users/fabiogaspar/Documents/Mindera/Outros/Compass/MoviesApp/src/components/searchListItem/index.tsx": {"path":"/Users/fabiogaspar/Documents/Mindera/Outros/Compass/MoviesApp/src/components/searchListItem/index.tsx","statementMap":{"0":{"start":{"line":14,"column":40},"end":{"line":30,"column":1}},"1":{"start":{"line":15,"column":24},"end":{"line":17,"column":3}},"2":{"start":{"line":16,"column":4},"end":{"line":16,"column":26}},"3":{"start":{"line":19,"column":2},"end":{"line":29,"column":4}}},"fnMap":{"0":{"name":"(anonymous_0)","decl":{"start":{"line":14,"column":40},"end":{"line":14,"column":41}},"loc":{"start":{"line":14,"column":66},"end":{"line":30,"column":1}},"line":14},"1":{"name":"(anonymous_1)","decl":{"start":{"line":15,"column":24},"end":{"line":15,"column":25}},"loc":{"start":{"line":15,"column":30},"end":{"line":17,"column":3}},"line":15}},"branchMap":{},"s":{"0":3,"1":83,"2":3,"3":83},"f":{"0":83,"1":3},"b":{},"_coverageSchema":"1a1c01bbd47fc00a2c39e90264f33305004495a9","hash":"3f8d77e5a5663f11f03e8529b197cd98d9a220ff"}
,"/Users/fabiogaspar/Documents/Mindera/Outros/Compass/MoviesApp/src/components/searchListItem/styles.ts": {"path":"/Users/fabiogaspar/Documents/Mindera/Outros/Compass/MoviesApp/src/components/searchListItem/styles.ts","statementMap":{},"fnMap":{},"branchMap":{},"s":{},"f":{},"b":{},"_coverageSchema":"1a1c01bbd47fc00a2c39e90264f33305004495a9","hash":"719f1ebbfdb7826403d73129b7c0bcfb4acdbeb7"}
,"/Users/fabiogaspar/Documents/Mindera/Outros/Compass/MoviesApp/src/libraries/movieDb.ts": {"path":"/Users/fabiogaspar/Documents/Mindera/Outros/Compass/MoviesApp/src/libraries/movieDb.ts","statementMap":{"0":{"start":{"line":3,"column":15},"end":{"line":3,"column":49}},"1":{"start":{"line":11,"column":34},"end":{"line":24,"column":1}},"2":{"start":{"line":12,"column":2},"end":{"line":23,"column":3}},"3":{"start":{"line":13,"column":21},"end":{"line":17,"column":5}},"4":{"start":{"line":18,"column":19},"end":{"line":18,"column":40}},"5":{"start":{"line":20,"column":4},"end":{"line":20,"column":18}},"6":{"start":{"line":22,"column":4},"end":{"line":22,"column":61}},"7":{"start":{"line":32,"column":33},"end":{"line":43,"column":1}},"8":{"start":{"line":33,"column":2},"end":{"line":42,"column":3}},"9":{"start":{"line":34,"column":21},"end":{"line":36,"column":5}},"10":{"start":{"line":37,"column":22},"end":{"line":37,"column":43}},"11":{"start":{"line":39,"column":4},"end":{"line":39,"column":21}},"12":{"start":{"line":41,"column":4},"end":{"line":41,"column":60}}},"fnMap":{"0":{"name":"(anonymous_0)","decl":{"start":{"line":11,"column":34},"end":{"line":11,"column":35}},"loc":{"start":{"line":11,"column":63},"end":{"line":24,"column":1}},"line":11},"1":{"name":"(anonymous_1)","decl":{"start":{"line":32,"column":33},"end":{"line":32,"column":34}},"loc":{"start":{"line":32,"column":60},"end":{"line":43,"column":1}},"line":32}},"branchMap":{},"s":{"0":1,"1":1,"2":2,"3":2,"4":1,"5":1,"6":1,"7":1,"8":2,"9":2,"10":1,"11":1,"12":1},"f":{"0":2,"1":2},"b":{},"_coverageSchema":"1a1c01bbd47fc00a2c39e90264f33305004495a9","hash":"78d2fa648655d02b9aec2e967ea4eb6e36580e2d"}
,"/Users/fabiogaspar/Documents/Mindera/Outros/Compass/MoviesApp/src/mocks/movieDB.mock.ts": {"path":"/Users/fabiogaspar/Documents/Mindera/Outros/Compass/MoviesApp/src/mocks/movieDB.mock.ts","statementMap":{"0":{"start":{"line":1,"column":30},"end":{"line":87,"column":1}},"1":{"start":{"line":89,"column":26},"end":{"line":102,"column":1}},"2":{"start":{"line":104,"column":29},"end":{"line":343,"column":1}},"3":{"start":{"line":345,"column":26},"end":{"line":454,"column":1}}},"fnMap":{},"branchMap":{},"s":{"0":9,"1":9,"2":9,"3":9},"f":{},"b":{},"_coverageSchema":"1a1c01bbd47fc00a2c39e90264f33305004495a9","hash":"ec78e5c15fd158e7a53ad18029f613fd2d80744f"}
,"/Users/fabiogaspar/Documents/Mindera/Outros/Compass/MoviesApp/src/screens/styles.ts": {"path":"/Users/fabiogaspar/Documents/Mindera/Outros/Compass/MoviesApp/src/screens/styles.ts","statementMap":{},"fnMap":{},"branchMap":{},"s":{},"f":{},"b":{},"_coverageSchema":"1a1c01bbd47fc00a2c39e90264f33305004495a9","hash":"191923769ecd69cd3fe2df774c1d2f6575955e1f"}
,"/Users/fabiogaspar/Documents/Mindera/Outros/Compass/MoviesApp/src/screens/details/index.tsx": {"path":"/Users/fabiogaspar/Documents/Mindera/Outros/Compass/MoviesApp/src/screens/details/index.tsx","statementMap":{"0":{"start":{"line":9,"column":32},"end":{"line":15,"column":1}},"1":{"start":{"line":10,"column":23},"end":{"line":12,"column":19}},"2":{"start":{"line":11,"column":27},"end":{"line":11,"column":45}},"3":{"start":{"line":14,"column":2},"end":{"line":14,"column":49}}},"fnMap":{"0":{"name":"(anonymous_0)","decl":{"start":{"line":9,"column":32},"end":{"line":9,"column":33}},"loc":{"start":{"line":9,"column":38},"end":{"line":15,"column":1}},"line":9},"1":{"name":"(anonymous_1)","decl":{"start":{"line":11,"column":4},"end":{"line":11,"column":5}},"loc":{"start":{"line":11,"column":27},"end":{"line":11,"column":45}},"line":11}},"branchMap":{},"s":{"0":1,"1":4,"2":4,"3":4},"f":{"0":4,"1":4},"b":{},"_coverageSchema":"1a1c01bbd47fc00a2c39e90264f33305004495a9","hash":"aca7939919673c0b4d083f3a6f7ecfd271bf1c10"}
,"/Users/fabiogaspar/Documents/Mindera/Outros/Compass/MoviesApp/src/screens/search/index.tsx": {"path":"/Users/fabiogaspar/Documents/Mindera/Outros/Compass/MoviesApp/src/screens/search/index.tsx","statementMap":{"0":{"start":{"line":15,"column":31},"end":{"line":55,"column":1}},"1":{"start":{"line":16,"column":19},"end":{"line":16,"column":32}},"2":{"start":{"line":17,"column":21},"end":{"line":17,"column":36}},"3":{"start":{"line":19,"column":23},"end":{"line":19,"column":77}},"4":{"start":{"line":19,"column":58},"end":{"line":19,"column":76}},"5":{"start":{"line":23,"column":28},"end":{"line":23,"column":46}},"6":{"start":{"line":28,"column":23},"end":{"line":32,"column":3}},"7":{"start":{"line":29,"column":4},"end":{"line":29,"column":26}},"8":{"start":{"line":31,"column":4},"end":{"line":31,"column":59}},"9":{"start":{"line":37,"column":27},"end":{"line":43,"column":3}},"10":{"start":{"line":38,"column":4},"end":{"line":38,"column":44}},"11":{"start":{"line":42,"column":4},"end":{"line":42,"column":35}},"12":{"start":{"line":45,"column":2},"end":{"line":54,"column":4}}},"fnMap":{"0":{"name":"(anonymous_0)","decl":{"start":{"line":15,"column":31},"end":{"line":15,"column":32}},"loc":{"start":{"line":15,"column":37},"end":{"line":55,"column":1}},"line":15},"1":{"name":"(anonymous_1)","decl":{"start":{"line":19,"column":35},"end":{"line":19,"column":36}},"loc":{"start":{"line":19,"column":58},"end":{"line":19,"column":76}},"line":19},"2":{"name":"(anonymous_2)","decl":{"start":{"line":28,"column":23},"end":{"line":28,"column":24}},"loc":{"start":{"line":28,"column":54},"end":{"line":32,"column":3}},"line":28},"3":{"name":"(anonymous_3)","decl":{"start":{"line":37,"column":27},"end":{"line":37,"column":28}},"loc":{"start":{"line":37,"column":54},"end":{"line":43,"column":3}},"line":37}},"branchMap":{},"s":{"0":1,"1":7,"2":7,"3":7,"4":7,"5":7,"6":7,"7":1,"8":1,"9":7,"10":1,"11":1,"12":7},"f":{"0":7,"1":7,"2":1,"3":1},"b":{},"_coverageSchema":"1a1c01bbd47fc00a2c39e90264f33305004495a9","hash":"6dda691a3d6a900f4195f10fff24bea8f2023ee8"}
,"/Users/fabiogaspar/Documents/Mindera/Outros/Compass/MoviesApp/src/store/actions.ts": {"path":"/Users/fabiogaspar/Documents/Mindera/Outros/Compass/MoviesApp/src/store/actions.ts","statementMap":{"0":{"start":{"line":9,"column":31},"end":{"line":12,"column":2}},"1":{"start":{"line":9,"column":76},"end":{"line":12,"column":1}},"2":{"start":{"line":14,"column":31},"end":{"line":17,"column":2}},"3":{"start":{"line":14,"column":70},"end":{"line":17,"column":1}},"4":{"start":{"line":19,"column":33},"end":{"line":21,"column":2}},"5":{"start":{"line":19,"column":59},"end":{"line":21,"column":1}}},"fnMap":{"0":{"name":"(anonymous_0)","decl":{"start":{"line":9,"column":31},"end":{"line":9,"column":32}},"loc":{"start":{"line":9,"column":76},"end":{"line":12,"column":1}},"line":9},"1":{"name":"(anonymous_1)","decl":{"start":{"line":14,"column":31},"end":{"line":14,"column":32}},"loc":{"start":{"line":14,"column":70},"end":{"line":17,"column":1}},"line":14},"2":{"name":"(anonymous_2)","decl":{"start":{"line":19,"column":33},"end":{"line":19,"column":34}},"loc":{"start":{"line":19,"column":59},"end":{"line":21,"column":1}},"line":19}},"branchMap":{},"s":{"0":2,"1":2,"2":2,"3":3,"4":2,"5":2},"f":{"0":2,"1":3,"2":2},"b":{},"_coverageSchema":"1a1c01bbd47fc00a2c39e90264f33305004495a9","hash":"466fb668d89b41459001b61b66684f2389efd6b1"}
,"/Users/fabiogaspar/Documents/Mindera/Outros/Compass/MoviesApp/src/store/reducers.ts": {"path":"/Users/fabiogaspar/Documents/Mindera/Outros/Compass/MoviesApp/src/store/reducers.ts","statementMap":{"0":{"start":{"line":3,"column":28},"end":{"line":6,"column":1}},"1":{"start":{"line":13,"column":19},"end":{"line":13,"column":29}},"2":{"start":{"line":14,"column":2},"end":{"line":33,"column":3}},"3":{"start":{"line":16,"column":6},"end":{"line":16,"column":45}},"4":{"start":{"line":17,"column":6},"end":{"line":17,"column":22}},"5":{"start":{"line":21,"column":6},"end":{"line":21,"column":45}},"6":{"start":{"line":22,"column":6},"end":{"line":22,"column":22}},"7":{"start":{"line":26,"column":6},"end":{"line":26,"column":33}},"8":{"start":{"line":27,"column":6},"end":{"line":27,"column":22}},"9":{"start":{"line":31,"column":6},"end":{"line":31,"column":19}}},"fnMap":{"0":{"name":"reducers","decl":{"start":{"line":9,"column":24},"end":{"line":9,"column":32}},"loc":{"start":{"line":12,"column":2},"end":{"line":34,"column":1}},"line":12}},"branchMap":{"0":{"loc":{"start":{"line":10,"column":2},"end":{"line":10,"column":34}},"type":"default-arg","locations":[{"start":{"line":10,"column":22},"end":{"line":10,"column":34}}],"line":10},"1":{"loc":{"start":{"line":14,"column":2},"end":{"line":33,"column":3}},"type":"switch","locations":[{"start":{"line":15,"column":4},"end":{"line":18,"column":5}},{"start":{"line":20,"column":4},"end":{"line":23,"column":5}},{"start":{"line":25,"column":4},"end":{"line":28,"column":5}},{"start":{"line":30,"column":4},"end":{"line":32,"column":5}}],"line":14}},"s":{"0":3,"1":14,"2":14,"3":1,"4":1,"5":1,"6":1,"7":1,"8":1,"9":11},"f":{"0":14},"b":{"0":[1],"1":[1,1,1,11]},"_coverageSchema":"1a1c01bbd47fc00a2c39e90264f33305004495a9","hash":"10efe7e8b2baffe2ebaf515f32ac320f5c26ae11"}
,"/Users/fabiogaspar/Documents/Mindera/Outros/Compass/MoviesApp/src/utils/formatter.ts": {"path":"/Users/fabiogaspar/Documents/Mindera/Outros/Compass/MoviesApp/src/utils/formatter.ts","statementMap":{"0":{"start":{"line":9,"column":30},"end":{"line":15,"column":5}},"1":{"start":{"line":10,"column":2},"end":{"line":15,"column":5}},"2":{"start":{"line":10,"column":42},"end":{"line":15,"column":3}},"3":{"start":{"line":23,"column":32},"end":{"line":47,"column":1}},"4":{"start":{"line":24,"column":17},"end":{"line":29,"column":8}},"5":{"start":{"line":31,"column":18},"end":{"line":33,"column":8}},"6":{"start":{"line":35,"column":2},"end":{"line":46,"column":4}},"7":{"start":{"line":39,"column":47},"end":{"line":39,"column":61}}},"fnMap":{"0":{"name":"(anonymous_0)","decl":{"start":{"line":9,"column":30},"end":{"line":9,"column":31}},"loc":{"start":{"line":10,"column":2},"end":{"line":15,"column":5}},"line":10},"1":{"name":"(anonymous_1)","decl":{"start":{"line":10,"column":16},"end":{"line":10,"column":17}},"loc":{"start":{"line":10,"column":42},"end":{"line":15,"column":3}},"line":10},"2":{"name":"(anonymous_2)","decl":{"start":{"line":23,"column":32},"end":{"line":23,"column":33}},"loc":{"start":{"line":23,"column":79},"end":{"line":47,"column":1}},"line":23},"3":{"name":"(anonymous_3)","decl":{"start":{"line":39,"column":34},"end":{"line":39,"column":35}},"loc":{"start":{"line":39,"column":47},"end":{"line":39,"column":61}},"line":39}},"branchMap":{"0":{"loc":{"start":{"line":24,"column":17},"end":{"line":29,"column":8}},"type":"cond-expr","locations":[{"start":{"line":25,"column":6},"end":{"line":28,"column":34}},{"start":{"line":29,"column":6},"end":{"line":29,"column":8}}],"line":24},"1":{"loc":{"start":{"line":31,"column":18},"end":{"line":33,"column":8}},"type":"cond-expr","locations":[{"start":{"line":32,"column":6},"end":{"line":32,"column":75}},{"start":{"line":33,"column":6},"end":{"line":33,"column":8}}],"line":31}},"s":{"0":1,"1":1,"2":14,"3":1,"4":2,"5":2,"6":2,"7":2},"f":{"0":1,"1":14,"2":2,"3":2},"b":{"0":[1,1],"1":[1,1]},"_coverageSchema":"1a1c01bbd47fc00a2c39e90264f33305004495a9","hash":"295eb9438eb31c270a1c69cdcad8790ab6b1d237"}
,"/Users/fabiogaspar/Documents/Mindera/Outros/Compass/MoviesApp/src/utils/requester.ts": {"path":"/Users/fabiogaspar/Documents/Mindera/Outros/Compass/MoviesApp/src/utils/requester.ts","statementMap":{"0":{"start":{"line":15,"column":32},"end":{"line":30,"column":1}},"1":{"start":{"line":22,"column":20},"end":{"line":22,"column":51}},"2":{"start":{"line":24,"column":2},"end":{"line":29,"column":3}},"3":{"start":{"line":25,"column":28},"end":{"line":25,"column":51}},"4":{"start":{"line":26,"column":4},"end":{"line":26,"column":47}},"5":{"start":{"line":28,"column":4},"end":{"line":28,"column":34}},"6":{"start":{"line":32,"column":28},"end":{"line":47,"column":1}},"7":{"start":{"line":39,"column":17},"end":{"line":39,"column":49}},"8":{"start":{"line":41,"column":2},"end":{"line":46,"column":3}},"9":{"start":{"line":42,"column":29},"end":{"line":42,"column":53}},"10":{"start":{"line":43,"column":4},"end":{"line":43,"column":48}},"11":{"start":{"line":45,"column":4},"end":{"line":45,"column":34}}},"fnMap":{"0":{"name":"(anonymous_0)","decl":{"start":{"line":15,"column":32},"end":{"line":15,"column":33}},"loc":{"start":{"line":21,"column":6},"end":{"line":30,"column":1}},"line":21},"1":{"name":"(anonymous_1)","decl":{"start":{"line":32,"column":28},"end":{"line":32,"column":29}},"loc":{"start":{"line":38,"column":6},"end":{"line":47,"column":1}},"line":38}},"branchMap":{"0":{"loc":{"start":{"line":24,"column":2},"end":{"line":29,"column":3}},"type":"if","locations":[{"start":{"line":24,"column":2},"end":{"line":29,"column":3}},{"start":{"line":24,"column":2},"end":{"line":29,"column":3}}],"line":24},"1":{"loc":{"start":{"line":41,"column":2},"end":{"line":46,"column":3}},"type":"if","locations":[{"start":{"line":41,"column":2},"end":{"line":46,"column":3}},{"start":{"line":41,"column":2},"end":{"line":46,"column":3}}],"line":41}},"s":{"0":1,"1":2,"2":2,"3":1,"4":1,"5":1,"6":1,"7":2,"8":2,"9":1,"10":1,"11":1},"f":{"0":2,"1":2},"b":{"0":[1,1],"1":[1,1]},"_coverageSchema":"1a1c01bbd47fc00a2c39e90264f33305004495a9","hash":"751a1a56f7166510b7ada2c69916ff74667e14fd"}
,"/Users/fabiogaspar/Documents/Mindera/Outros/Compass/MoviesApp/src/utils/testUtils.tsx": {"path":"/Users/fabiogaspar/Documents/Mindera/Outros/Compass/MoviesApp/src/utils/testUtils.tsx","statementMap":{"0":{"start":{"line":14,"column":16},"end":{"line":14,"column":44}},"1":{"start":{"line":15,"column":18},"end":{"line":15,"column":72}},"2":{"start":{"line":17,"column":2},"end":{"line":20,"column":4}}},"fnMap":{"0":{"name":"renderWithRedux","decl":{"start":{"line":10,"column":16},"end":{"line":10,"column":31}},"loc":{"start":{"line":13,"column":2},"end":{"line":21,"column":1}},"line":13}},"branchMap":{"0":{"loc":{"start":{"line":12,"column":2},"end":{"line":12,"column":34}},"type":"default-arg","locations":[{"start":{"line":12,"column":22},"end":{"line":12,"column":34}}],"line":12}},"s":{"0":10,"1":10,"2":10},"f":{"0":10},"b":{"0":[2]},"_coverageSchema":"1a1c01bbd47fc00a2c39e90264f33305004495a9","hash":"31504f09107e946bdfc4bb0baec5ccc9a8106a8c"}
}
