TN:
SF:src/components/details/index.tsx
FN:13,(anonymous_0)
FNF:1
FNH:1
FNDA:10,(anonymous_0)
DA:13,2
DA:14,10
LF:2
LH:2
BRDA:23,0,0,10
BRDA:23,0,1,8
BRDA:38,1,0,10
BRDA:38,1,1,8
BRDA:41,2,0,10
BRDA:41,2,1,8
BRDA:44,3,0,10
BRDA:44,3,1,8
BRDA:47,4,0,10
BRDA:47,4,1,8
BRF:10
BRH:10
end_of_record
TN:
SF:src/components/details/styles.ts
FNF:0
FNH:0
LF:0
LH:0
BRF:0
BRH:0
end_of_record
TN:
SF:src/components/detailsInfo/index.tsx
FN:12,(anonymous_0)
FNF:1
FNH:1
FNDA:44,(anonymous_0)
DA:12,3
DA:13,44
LF:2
LH:2
BRF:0
BRH:0
end_of_record
TN:
SF:src/components/detailsInfo/styles.ts
FNF:0
FNH:0
LF:0
LH:0
BRF:0
BRH:0
end_of_record
TN:
SF:src/components/searchBar/index.tsx
FN:12,(anonymous_0)
FNF:1
FNH:1
FNDA:9,(anonymous_0)
DA:12,2
DA:13,9
LF:2
LH:2
BRF:0
BRH:0
end_of_record
TN:
SF:src/components/searchBar/styles.ts
FNF:0
FNH:0
LF:0
LH:0
BRF:0
BRH:0
end_of_record
TN:
SF:src/components/searchList/index.tsx
FN:16,(anonymous_0)
FN:19,(anonymous_1)
FN:26,(anonymous_2)
FN:27,(anonymous_3)
FNF:4
FNH:4
FNDA:12,(anonymous_0)
FNDA:4,(anonymous_1)
FNDA:80,(anonymous_2)
FNDA:80,(anonymous_3)
DA:16,2
DA:17,12
DA:20,4
DA:26,80
DA:28,80
LF:5
LH:5
BRDA:22,0,0,1
BRDA:22,0,1,3
BRF:2
BRH:2
end_of_record
TN:
SF:src/components/searchList/styles.ts
FNF:0
FNH:0
LF:0
LH:0
BRF:0
BRH:0
end_of_record
TN:
SF:src/components/searchListItem/index.tsx
FN:14,(anonymous_0)
FN:15,(anonymous_1)
FNF:2
FNH:2
FNDA:83,(anonymous_0)
FNDA:3,(anonymous_1)
DA:14,3
DA:15,83
DA:16,3
DA:19,83
LF:4
LH:4
BRF:0
BRH:0
end_of_record
TN:
SF:src/components/searchListItem/styles.ts
FNF:0
FNH:0
LF:0
LH:0
BRF:0
BRH:0
end_of_record
TN:
SF:src/libraries/movieDb.ts
FN:11,(anonymous_0)
FN:32,(anonymous_1)
FNF:2
FNH:2
FNDA:2,(anonymous_0)
FNDA:2,(anonymous_1)
DA:3,1
DA:11,1
DA:12,2
DA:13,2
DA:18,1
DA:20,1
DA:22,1
DA:32,1
DA:33,2
DA:34,2
DA:37,1
DA:39,1
DA:41,1
LF:13
LH:13
BRF:0
BRH:0
end_of_record
TN:
SF:src/mocks/movieDB.mock.ts
FNF:0
FNH:0
DA:1,9
DA:89,9
DA:104,9
DA:345,9
LF:4
LH:4
BRF:0
BRH:0
end_of_record
TN:
SF:src/screens/styles.ts
FNF:0
FNH:0
LF:0
LH:0
BRF:0
BRH:0
end_of_record
TN:
SF:src/screens/details/index.tsx
FN:9,(anonymous_0)
FN:11,(anonymous_1)
FNF:2
FNH:2
FNDA:4,(anonymous_0)
FNDA:4,(anonymous_1)
DA:9,1
DA:10,4
DA:11,4
DA:14,4
LF:4
LH:4
BRF:0
BRH:0
end_of_record
TN:
SF:src/screens/search/index.tsx
FN:15,(anonymous_0)
FN:19,(anonymous_1)
FN:28,(anonymous_2)
FN:37,(anonymous_3)
FNF:4
FNH:4
FNDA:7,(anonymous_0)
FNDA:7,(anonymous_1)
FNDA:1,(anonymous_2)
FNDA:1,(anonymous_3)
DA:15,1
DA:16,7
DA:17,7
DA:19,7
DA:23,7
DA:28,7
DA:29,1
DA:31,1
DA:37,7
DA:38,1
DA:42,1
DA:45,7
LF:12
LH:12
BRF:0
BRH:0
end_of_record
TN:
SF:src/store/actions.ts
FN:9,(anonymous_0)
FN:14,(anonymous_1)
FN:19,(anonymous_2)
FNF:3
FNH:3
FNDA:2,(anonymous_0)
FNDA:3,(anonymous_1)
FNDA:2,(anonymous_2)
DA:9,2
DA:14,3
DA:19,2
LF:3
LH:3
BRF:0
BRH:0
end_of_record
TN:
SF:src/store/reducers.ts
FN:9,reducers
FNF:1
FNH:1
FNDA:14,reducers
DA:3,3
DA:13,14
DA:14,14
DA:16,1
DA:17,1
DA:21,1
DA:22,1
DA:26,1
DA:27,1
DA:31,11
LF:10
LH:10
BRDA:10,0,0,1
BRDA:14,1,0,1
BRDA:14,1,1,1
BRDA:14,1,2,1
BRDA:14,1,3,11
BRF:5
BRH:5
end_of_record
TN:
SF:src/utils/formatter.ts
FN:9,(anonymous_0)
FN:10,(anonymous_1)
FN:23,(anonymous_2)
FN:39,(anonymous_3)
FNF:4
FNH:4
FNDA:1,(anonymous_0)
FNDA:14,(anonymous_1)
FNDA:2,(anonymous_2)
FNDA:2,(anonymous_3)
DA:9,1
DA:10,14
DA:23,1
DA:24,2
DA:31,2
DA:35,2
DA:39,2
LF:7
LH:7
BRDA:24,0,0,1
BRDA:24,0,1,1
BRDA:31,1,0,1
BRDA:31,1,1,1
BRF:4
BRH:4
end_of_record
TN:
SF:src/utils/requester.ts
FN:15,(anonymous_0)
FN:32,(anonymous_1)
FNF:2
FNH:2
FNDA:2,(anonymous_0)
FNDA:2,(anonymous_1)
DA:15,1
DA:22,2
DA:24,2
DA:25,1
DA:26,1
DA:28,1
DA:32,1
DA:39,2
DA:41,2
DA:42,1
DA:43,1
DA:45,1
LF:12
LH:12
BRDA:24,0,0,1
BRDA:24,0,1,1
BRDA:41,1,0,1
BRDA:41,1,1,1
BRF:4
BRH:4
end_of_record
TN:
SF:src/utils/testUtils.tsx
FN:10,renderWithRedux
FNF:1
FNH:1
FNDA:10,renderWithRedux
DA:14,10
DA:15,10
DA:17,10
LF:3
LH:3
BRDA:12,0,0,2
BRF:1
BRH:1
end_of_record
